# JRE version: OpenJDK Runtime Environment (8.0_282-b08) (build 1.8.0_282-b08)
# Java VM: OpenJDK 64-Bit Server VM (25.282-b08 mixed mode bsd-amd64 compressed oops)
Heap:
 PSYoungGen      total 132608K, used 24199K [0x00000007e5d80000, 0x00000007f0780000, 0x00000007f0800000)
  eden space 110592K, 21% used [0x00000007e5d80000,0x00000007e7521df0,0x00000007ec980000)
  from space 22016K, 0% used [0x00000007ecb00000,0x00000007ecb00000,0x00000007ee080000)
  to   space 31744K, 0% used [0x00000007ee880000,0x00000007ee880000,0x00000007f0780000)
 ParOldGen       total 349696K, used 48360K [0x00000007d0800000, 0x00000007e5d80000, 0x00000007e5d80000)
  object space 349696K, 13% used [0x00000007d0800000,0x00000007d373a398,0x00000007e5d80000)
 Metaspace       used 89238K, capacity 96230K, committed 98600K, reserved 1134592K
  class space    used 12276K, capacity 13556K, committed 14080K, reserved 1048576K
GC Heap History (10 events):
Event: 17.022 GC heap before
{Heap before GC invocations=13 (full 3):
 PSYoungGen      total 147456K, used 130455K [0x00000007e5d80000, 0x00000007f0800000, 0x00000007f0800000)
  eden space 120320K, 100% used [0x00000007e5d80000,0x00000007ed300000,0x00000007ed300000)
  from space 27136K, 37% used [0x00000007ed300000,0x00000007edce5ce0,0x00000007eed80000)
  to   space 26112K, 0% used [0x00000007eee80000,0x00000007eee80000,0x00000007f0800000)
 ParOldGen       total 283136K, used 38895K [0x00000007d0800000, 0x00000007e1c80000, 0x00000007e5d80000)
  object space 283136K, 13% used [0x00000007d0800000,0x00000007d2dfbf28,0x00000007e1c80000)
 Metaspace       used 75144K, capacity 79722K, committed 80000K, reserved 1118208K
  class space    used 10483K, capacity 11338K, committed 11392K, reserved 1048576K
Event: 17.029 GC heap after
Heap after GC invocations=13 (full 3):
 PSYoungGen      total 145408K, used 14640K [0x00000007e5d80000, 0x00000007f0600000, 0x00000007f0800000)
  eden space 121344K, 0% used [0x00000007e5d80000,0x00000007e5d80000,0x00000007ed400000)
  from space 24064K, 60% used [0x00000007eee80000,0x00000007efccc0a0,0x00000007f0600000)
  to   space 25600K, 0% used [0x00000007ed400000,0x00000007ed400000,0x00000007eed00000)
 ParOldGen       total 283136K, used 38911K [0x00000007d0800000, 0x00000007e1c80000, 0x00000007e5d80000)
  object space 283136K, 13% used [0x00000007d0800000,0x00000007d2dfff28,0x00000007e1c80000)
 Metaspace       used 75144K, capacity 79722K, committed 80000K, reserved 1118208K
  class space    used 10483K, capacity 11338K, committed 11392K, reserved 1048576K
}
Event: 75.916 GC heap before
{Heap before GC invocations=14 (full 3):
 PSYoungGen      total 145408K, used 135984K [0x00000007e5d80000, 0x00000007f0600000, 0x00000007f0800000)
  eden space 121344K, 100% used [0x00000007e5d80000,0x00000007ed400000,0x00000007ed400000)
  from space 24064K, 60% used [0x00000007eee80000,0x00000007efccc0a0,0x00000007f0600000)
  to   space 25600K, 0% used [0x00000007ed400000,0x00000007ed400000,0x00000007eed00000)
 ParOldGen       total 283136K, used 38911K [0x00000007d0800000, 0x00000007e1c80000, 0x00000007e5d80000)
  object space 283136K, 13% used [0x00000007d0800000,0x00000007d2dfff28,0x00000007e1c80000)
 Metaspace       used 81007K, capacity 86016K, committed 86400K, reserved 1124352K
  class space    used 11122K, capacity 12079K, committed 12160K, reserved 1048576K
Event: 75.929 GC heap after
Heap after GC invocations=14 (full 3):
 PSYoungGen      total 146944K, used 25583K [0x00000007e5d80000, 0x00000007f0800000, 0x00000007f0800000)
  eden space 121344K, 0% used [0x00000007e5d80000,0x00000007e5d80000,0x00000007ed400000)
  from space 25600K, 99% used [0x00000007ed400000,0x00000007eecfbe70,0x00000007eed00000)
  to   space 27648K, 0% used [0x00000007eed00000,0x00000007eed00000,0x00000007f0800000)
 ParOldGen       total 283136K, used 38983K [0x00000007d0800000, 0x00000007e1c80000, 0x00000007e5d80000)
  object space 283136K, 13% used [0x00000007d0800000,0x00000007d2e11d30,0x00000007e1c80000)
 Metaspace       used 81007K, capacity 86016K, committed 86400K, reserved 1124352K
  class space    used 11122K, capacity 12079K, committed 12160K, reserved 1048576K
}
Event: 81.362 GC heap before
{Heap before GC invocations=15 (full 3):
 PSYoungGen      total 146944K, used 146921K [0x00000007e5d80000, 0x00000007f0800000, 0x00000007f0800000)
  eden space 121344K, 99% used [0x00000007e5d80000,0x00000007ed3fe830,0x00000007ed400000)
  from space 25600K, 99% used [0x00000007ed400000,0x00000007eecfbe70,0x00000007eed00000)
  to   space 27648K, 0% used [0x00000007eed00000,0x00000007eed00000,0x00000007f0800000)
 ParOldGen       total 283136K, used 38983K [0x00000007d0800000, 0x00000007e1c80000, 0x00000007e5d80000)
  object space 283136K, 13% used [0x00000007d0800000,0x00000007d2e11d30,0x00000007e1c80000)
 Metaspace       used 88349K, capacity 95368K, committed 95488K, reserved 1130496K
  class space    used 12251K, capacity 13531K, committed 13568K, reserved 1048576K
Event: 81.373 GC heap after
Heap after GC invocations=15 (full 3):
 PSYoungGen      total 139776K, used 24947K [0x00000007e5d80000, 0x00000007f0800000, 0x00000007f0800000)
  eden space 112128K, 0% used [0x00000007e5d80000,0x00000007e5d80000,0x00000007ecb00000)
  from space 27648K, 90% used [0x00000007eed00000,0x00000007f055cc48,0x00000007f0800000)
  to   space 31232K, 0% used [0x00000007ecb00000,0x00000007ecb00000,0x00000007ee980000)
 ParOldGen       total 283136K, used 38991K [0x00000007d0800000, 0x00000007e1c80000, 0x00000007e5d80000)
  object space 283136K, 13% used [0x00000007d0800000,0x00000007d2e13d30,0x00000007e1c80000)
 Metaspace       used 88349K, capacity 95368K, committed 95488K, reserved 1130496K
  class space    used 12251K, capacity 13531K, committed 13568K, reserved 1048576K
}
Event: 229.164 GC heap before
{Heap before GC invocations=16 (full 3):
 PSYoungGen      total 139776K, used 92372K [0x00000007e5d80000, 0x00000007f0800000, 0x00000007f0800000)
  eden space 112128K, 60% used [0x00000007e5d80000,0x00000007e9f58650,0x00000007ecb00000)
  from space 27648K, 90% used [0x00000007eed00000,0x00000007f055cc48,0x00000007f0800000)
  to   space 31232K, 0% used [0x00000007ecb00000,0x00000007ecb00000,0x00000007ee980000)
 ParOldGen       total 283136K, used 38991K [0x00000007d0800000, 0x00000007e1c80000, 0x00000007e5d80000)
  object space 283136K, 13% used [0x00000007d0800000,0x00000007d2e13d30,0x00000007e1c80000)
 Metaspace       used 91020K, capacity 98484K, committed 98600K, reserved 1134592K
  class space    used 12614K, capacity 14003K, committed 14080K, reserved 1048576K
Event: 229.174 GC heap after
Heap after GC invocations=16 (full 3):
 PSYoungGen      total 132608K, used 21666K [0x00000007e5d80000, 0x00000007f0780000, 0x00000007f0800000)
  eden space 110592K, 0% used [0x00000007e5d80000,0x00000007e5d80000,0x00000007ec980000)
  from space 22016K, 98% used [0x00000007ecb00000,0x00000007ee028878,0x00000007ee080000)
  to   space 31744K, 0% used [0x00000007ee880000,0x00000007ee880000,0x00000007f0780000)
 ParOldGen       total 283136K, used 38999K [0x00000007d0800000, 0x00000007e1c80000, 0x00000007e5d80000)
  object space 283136K, 13% used [0x00000007d0800000,0x00000007d2e15d30,0x00000007e1c80000)
 Metaspace       used 91020K, capacity 98484K, committed 98600K, reserved 1134592K
  class space    used 12614K, capacity 14003K, committed 14080K, reserved 1048576K
}
Event: 229.174 GC heap before
{Heap before GC invocations=17 (full 4):
 PSYoungGen      total 132608K, used 21666K [0x00000007e5d80000, 0x00000007f0780000, 0x00000007f0800000)
  eden space 110592K, 0% used [0x00000007e5d80000,0x00000007e5d80000,0x00000007ec980000)
  from space 22016K, 98% used [0x00000007ecb00000,0x00000007ee028878,0x00000007ee080000)
  to   space 31744K, 0% used [0x00000007ee880000,0x00000007ee880000,0x00000007f0780000)
 ParOldGen       total 283136K, used 38999K [0x00000007d0800000, 0x00000007e1c80000, 0x00000007e5d80000)
  object space 283136K, 13% used [0x00000007d0800000,0x00000007d2e15d30,0x00000007e1c80000)
 Metaspace       used 91020K, capacity 98484K, committed 98600K, reserved 1134592K
  class space    used 12614K, capacity 14003K, committed 14080K, reserved 1048576K
Event: 229.292 GC heap after
Heap after GC invocations=17 (full 4):
 PSYoungGen      total 132608K, used 0K [0x00000007e5d80000, 0x00000007f0780000, 0x00000007f0800000)
  eden space 110592K, 0% used [0x00000007e5d80000,0x00000007e5d80000,0x00000007ec980000)
  from space 22016K, 0% used [0x00000007ecb00000,0x00000007ecb00000,0x00000007ee080000)
  to   space 31744K, 0% used [0x00000007ee880000,0x00000007ee880000,0x00000007f0780000)
 ParOldGen       total 349696K, used 48360K [0x00000007d0800000, 0x00000007e5d80000, 0x00000007e5d80000)
  object space 349696K, 13% used [0x00000007d0800000,0x00000007d373a398,0x00000007e5d80000)
 Metaspace       used 87075K, capacity 92102K, committed 98600K, reserved 1134592K
  class space    used 11803K, capacity 12842K, committed 14080K, reserved 1048576K
}

